<?xml version="1.0" encoding="UTF-8"?>
<!-- Generated by org.testng.reporters.JUnitReportReporter -->
<testsuite skipped="0" hostname="DESKTOP-OBPVUSQ" name="AyushXpath" tests="1" failures="0" timestamp="23 Jun 2018 20:24:07 GMT" time="86.699" errors="0">
  <testcase name="mainFunction" time="86.699" classname="AyushXpath"/>
</testsuite> <!-- AyushXpath -->
